d:\6631\week9\vision_simulator_version_2.53\vision_simulator_version_2.53_player1_ai\debug\vc143.pdb
c:\users\qinqi\onedrive - concordia university - canada\concordia\courses\6631 mechatronics and automation\mech_472_6631_project\imageprocessing\player1_ai\debug\vc143.pdb
c:\users\qinqi\onedrive - concordia university - canada\concordia\courses\6631 mechatronics and automation\mech_472_6631_project\imageprocessing\player1_ai\debug\vision_simulation.obj
c:\users\qinqi\onedrive - concordia university - canada\concordia\courses\6631 mechatronics and automation\mech_472_6631_project\imageprocessing\player1_ai\debug\vision.obj
c:\users\qinqi\onedrive - concordia university - canada\concordia\courses\6631 mechatronics and automation\mech_472_6631_project\imageprocessing\player1_ai\debug\timer.obj
c:\users\qinqi\onedrive - concordia university - canada\concordia\courses\6631 mechatronics and automation\mech_472_6631_project\imageprocessing\player1_ai\debug\shared_memory.obj
c:\users\qinqi\onedrive - concordia university - canada\concordia\courses\6631 mechatronics and automation\mech_472_6631_project\imageprocessing\player1_ai\debug\robot.obj
c:\users\qinqi\onedrive - concordia university - canada\concordia\courses\6631 mechatronics and automation\mech_472_6631_project\imageprocessing\player1_ai\debug\program.obj
c:\users\qinqi\onedrive - concordia university - canada\concordia\courses\6631 mechatronics and automation\mech_472_6631_project\imageprocessing\player1_ai\debug\object.obj
c:\users\qinqi\onedrive - concordia university - canada\concordia\courses\6631 mechatronics and automation\mech_472_6631_project\final_project\task_2_b_hide\debug\vc143.pdb
c:\users\qinqi\onedrive - concordia university - canada\concordia\courses\6631 mechatronics and automation\mech_472_6631_project\final_project\task_2_b_hide\debug\vision_simulation.obj
c:\users\qinqi\onedrive - concordia university - canada\concordia\courses\6631 mechatronics and automation\mech_472_6631_project\final_project\task_2_b_hide\debug\vision.obj
c:\users\qinqi\onedrive - concordia university - canada\concordia\courses\6631 mechatronics and automation\mech_472_6631_project\final_project\task_2_b_hide\debug\timer.obj
c:\users\qinqi\onedrive - concordia university - canada\concordia\courses\6631 mechatronics and automation\mech_472_6631_project\final_project\task_2_b_hide\debug\shared_memory.obj
c:\users\qinqi\onedrive - concordia university - canada\concordia\courses\6631 mechatronics and automation\mech_472_6631_project\final_project\task_2_b_hide\debug\robot.obj
c:\users\qinqi\onedrive - concordia university - canada\concordia\courses\6631 mechatronics and automation\mech_472_6631_project\final_project\task_2_b_hide\debug\program.obj
c:\users\qinqi\onedrive - concordia university - canada\concordia\courses\6631 mechatronics and automation\mech_472_6631_project\final_project\task_2_b_hide\debug\object.obj
d:\6631\week9\vision_simulator_version_2.53\vision_simulator_version_2.53_player1_ai\debug\program.exe
d:\6631\week9\vision_simulator_version_2.53\vision_simulator_version_2.53_player1_ai\debug\program.ilk
d:\6631\week9\vision_simulator_version_2.53\vision_simulator_version_2.53_player1_ai\debug\program.pdb
c:\users\qinqi\onedrive - concordia university - canada\concordia\courses\6631 mechatronics and automation\mech_472_6631_project\imageprocessing\player1_ai\debug\program.exe
c:\users\qinqi\onedrive - concordia university - canada\concordia\courses\6631 mechatronics and automation\mech_472_6631_project\imageprocessing\player1_ai\debug\program.ilk
c:\users\qinqi\onedrive - concordia university - canada\concordia\courses\6631 mechatronics and automation\mech_472_6631_project\imageprocessing\player1_ai\debug\program.pdb
c:\users\mario\desktop\university\mech 472\mech_project\imageprocessing\player1_ai\debug\program.ilk
c:\users\mario\desktop\university\mech 472\mech_project\imageprocessing\player1_ai\debug\program.exe
c:\users\mario\desktop\university\mech 472\mech_project\imageprocessing\player1_ai\debug\program.pdb
c:\users\qinqi\onedrive - concordia university - canada\concordia\courses\6631 mechatronics and automation\mech_472_6631_project\final_project\task_2_b_hide\debug\program.exe
c:\users\qinqi\onedrive - concordia university - canada\concordia\courses\6631 mechatronics and automation\mech_472_6631_project\final_project\task_2_b_hide\debug\program.ilk
c:\users\qinqi\onedrive - concordia university - canada\concordia\courses\6631 mechatronics and automation\mech_472_6631_project\final_project\task_2_b_hide\debug\program.pdb
c:\users\qinqi\onedrive - concordia university - canada\concordia\courses\6631 mechatronics and automation\mech_472_6631_project\final_project\task_2_b_hide\debug\program.tlog\cl.command.1.tlog
c:\users\qinqi\onedrive - concordia university - canada\concordia\courses\6631 mechatronics and automation\mech_472_6631_project\final_project\task_2_b_hide\debug\program.tlog\cl.read.1.tlog
c:\users\qinqi\onedrive - concordia university - canada\concordia\courses\6631 mechatronics and automation\mech_472_6631_project\final_project\task_2_b_hide\debug\program.tlog\cl.write.1.tlog
c:\users\qinqi\onedrive - concordia university - canada\concordia\courses\6631 mechatronics and automation\mech_472_6631_project\final_project\task_2_b_hide\debug\program.tlog\link.command.1.tlog
c:\users\qinqi\onedrive - concordia university - canada\concordia\courses\6631 mechatronics and automation\mech_472_6631_project\final_project\task_2_b_hide\debug\program.tlog\link.read.1.tlog
c:\users\qinqi\onedrive - concordia university - canada\concordia\courses\6631 mechatronics and automation\mech_472_6631_project\final_project\task_2_b_hide\debug\program.tlog\link.write.1.tlog
