  program.cpp
C:\Users\qinqi\OneDrive - Concordia University - Canada\Concordia\Courses\6631 Mechatronics and Automation\MECH_472_6631_Project\Final_project\Task_2_B_hide\program.cpp(273,20): warning C4018: '<': signed/unsigned mismatch
C:\Users\qinqi\OneDrive - Concordia University - Canada\Concordia\Courses\6631 Mechatronics and Automation\MECH_472_6631_Project\Final_project\Task_2_B_hide\program.cpp(288,20): warning C4018: '<': signed/unsigned mismatch
C:\Users\qinqi\OneDrive - Concordia University - Canada\Concordia\Courses\6631 Mechatronics and Automation\MECH_472_6631_Project\Final_project\Task_2_B_hide\program.cpp(342,20): warning C4018: '<': signed/unsigned mismatch
C:\Users\qinqi\OneDrive - Concordia University - Canada\Concordia\Courses\6631 Mechatronics and Automation\MECH_472_6631_Project\Final_project\Task_2_B_hide\program.cpp(353,20): warning C4018: '<': signed/unsigned mismatch
C:\Users\qinqi\OneDrive - Concordia University - Canada\Concordia\Courses\6631 Mechatronics and Automation\MECH_472_6631_Project\Final_project\Task_2_B_hide\program.cpp(427,63): warning C4244: '=': conversion from 'float' to 'int', possible loss of data
C:\Users\qinqi\OneDrive - Concordia University - Canada\Concordia\Courses\6631 Mechatronics and Automation\MECH_472_6631_Project\Final_project\Task_2_B_hide\program.cpp(439,63): warning C4244: '=': conversion from 'float' to 'int', possible loss of data
C:\Users\qinqi\OneDrive - Concordia University - Canada\Concordia\Courses\6631 Mechatronics and Automation\MECH_472_6631_Project\Final_project\Task_2_B_hide\program.cpp(450,30): warning C4244: '=': conversion from 'double' to 'float', possible loss of data
C:\Users\qinqi\OneDrive - Concordia University - Canada\Concordia\Courses\6631 Mechatronics and Automation\MECH_472_6631_Project\Final_project\Task_2_B_hide\program.cpp(487,8): warning C4101: 'Sample_Theta_Global': unreferenced local variable
C:\Users\qinqi\OneDrive - Concordia University - Canada\Concordia\Courses\6631 Mechatronics and Automation\MECH_472_6631_Project\Final_project\Task_2_B_hide\program.cpp(536,14): warning C4244: '=': conversion from 'double' to 'int', possible loss of data
C:\Users\qinqi\OneDrive - Concordia University - Canada\Concordia\Courses\6631 Mechatronics and Automation\MECH_472_6631_Project\Final_project\Task_2_B_hide\program.cpp(537,14): warning C4244: '=': conversion from 'double' to 'int', possible loss of data
C:\Users\qinqi\OneDrive - Concordia University - Canada\Concordia\Courses\6631 Mechatronics and Automation\MECH_472_6631_Project\Final_project\Task_2_B_hide\program.cpp(903,29): warning C4838: conversion from 'double' to 'int' requires a narrowing conversion
C:\Users\qinqi\OneDrive - Concordia University - Canada\Concordia\Courses\6631 Mechatronics and Automation\MECH_472_6631_Project\Final_project\Task_2_B_hide\program.cpp(903,29): warning C4244: 'initializing': conversion from 'double' to 'int', possible loss of data
C:\Users\qinqi\OneDrive - Concordia University - Canada\Concordia\Courses\6631 Mechatronics and Automation\MECH_472_6631_Project\Final_project\Task_2_B_hide\program.cpp(903,46): warning C4838: conversion from 'double' to 'int' requires a narrowing conversion
C:\Users\qinqi\OneDrive - Concordia University - Canada\Concordia\Courses\6631 Mechatronics and Automation\MECH_472_6631_Project\Final_project\Task_2_B_hide\program.cpp(903,46): warning C4244: 'initializing': conversion from 'double' to 'int', possible loss of data
C:\Users\qinqi\OneDrive - Concordia University - Canada\Concordia\Courses\6631 Mechatronics and Automation\MECH_472_6631_Project\Final_project\Task_2_B_hide\program.cpp(904,27): warning C4838: conversion from 'double' to 'int' requires a narrowing conversion
C:\Users\qinqi\OneDrive - Concordia University - Canada\Concordia\Courses\6631 Mechatronics and Automation\MECH_472_6631_Project\Final_project\Task_2_B_hide\program.cpp(904,27): warning C4244: 'initializing': conversion from 'double' to 'int', possible loss of data
C:\Users\qinqi\OneDrive - Concordia University - Canada\Concordia\Courses\6631 Mechatronics and Automation\MECH_472_6631_Project\Final_project\Task_2_B_hide\program.cpp(904,39): warning C4838: conversion from 'double' to 'int' requires a narrowing conversion
C:\Users\qinqi\OneDrive - Concordia University - Canada\Concordia\Courses\6631 Mechatronics and Automation\MECH_472_6631_Project\Final_project\Task_2_B_hide\program.cpp(904,39): warning C4244: 'initializing': conversion from 'double' to 'int', possible loss of data
C:\Users\qinqi\OneDrive - Concordia University - Canada\Concordia\Courses\6631 Mechatronics and Automation\MECH_472_6631_Project\Final_project\Task_2_B_hide\program.cpp(905,79): warning C4305: 'argument': truncation from 'double' to 'float'
C:\Users\qinqi\OneDrive - Concordia University - Canada\Concordia\Courses\6631 Mechatronics and Automation\MECH_472_6631_Project\Final_project\Task_2_B_hide\program.cpp(693,22): warning C4101: 'pw_laser_o': unreferenced local variable
C:\Users\qinqi\OneDrive - Concordia University - Canada\Concordia\Courses\6631 Mechatronics and Automation\MECH_472_6631_Project\Final_project\Task_2_B_hide\program.cpp(693,34): warning C4101: 'laser_o': unreferenced local variable
C:\Users\qinqi\OneDrive - Concordia University - Canada\Concordia\Courses\6631 Mechatronics and Automation\MECH_472_6631_Project\Final_project\Task_2_B_hide\program.cpp(693,6): warning C4101: 'pw_l_o': unreferenced local variable
C:\Users\qinqi\OneDrive - Concordia University - Canada\Concordia\Courses\6631 Mechatronics and Automation\MECH_472_6631_Project\Final_project\Task_2_B_hide\program.cpp(693,14): warning C4101: 'pw_r_o': unreferenced local variable
C:\Users\qinqi\OneDrive - Concordia University - Canada\Concordia\Courses\6631 Mechatronics and Automation\MECH_472_6631_Project\Final_project\Task_2_B_hide\program.cpp(910,33): warning C4101: 'y_ref': unreferenced local variable
C:\Users\qinqi\OneDrive - Concordia University - Canada\Concordia\Courses\6631 Mechatronics and Automation\MECH_472_6631_Project\Final_project\Task_2_B_hide\program.cpp(910,26): warning C4101: 'x_ref': unreferenced local variable
C:\Users\qinqi\OneDrive - Concordia University - Canada\Concordia\Courses\6631 Mechatronics and Automation\MECH_472_6631_Project\Final_project\Task_2_B_hide\program.cpp(929): warning C4700: uninitialized local variable 'vl' used
C:\Users\qinqi\OneDrive - Concordia University - Canada\Concordia\Courses\6631 Mechatronics and Automation\MECH_472_6631_Project\Final_project\Task_2_B_hide\program.cpp(929): warning C4700: uninitialized local variable 'vr' used
  program.vcxproj -> C:\Users\qinqi\OneDrive - Concordia University - Canada\Concordia\Courses\6631 Mechatronics and Automation\MECH_472_6631_Project\Final_project\Task_2_B_hide\Debug\program.exe
