<<<<<<< HEAD
﻿  program.cpp
C:\Users\qinqi\OneDrive - Concordia University - Canada\Concordia\Courses\6631 Mechatronics and Automation\MECH_472_6631_Project\Final_project\Task_2_A_hide\program.cpp(272,20): warning C4018: '<': signed/unsigned mismatch
C:\Users\qinqi\OneDrive - Concordia University - Canada\Concordia\Courses\6631 Mechatronics and Automation\MECH_472_6631_Project\Final_project\Task_2_A_hide\program.cpp(287,20): warning C4018: '<': signed/unsigned mismatch
C:\Users\qinqi\OneDrive - Concordia University - Canada\Concordia\Courses\6631 Mechatronics and Automation\MECH_472_6631_Project\Final_project\Task_2_A_hide\program.cpp(342,20): warning C4018: '<': signed/unsigned mismatch
C:\Users\qinqi\OneDrive - Concordia University - Canada\Concordia\Courses\6631 Mechatronics and Automation\MECH_472_6631_Project\Final_project\Task_2_A_hide\program.cpp(353,20): warning C4018: '<': signed/unsigned mismatch
C:\Users\qinqi\OneDrive - Concordia University - Canada\Concordia\Courses\6631 Mechatronics and Automation\MECH_472_6631_Project\Final_project\Task_2_A_hide\program.cpp(427,63): warning C4244: '=': conversion from 'float' to 'int', possible loss of data
C:\Users\qinqi\OneDrive - Concordia University - Canada\Concordia\Courses\6631 Mechatronics and Automation\MECH_472_6631_Project\Final_project\Task_2_A_hide\program.cpp(439,63): warning C4244: '=': conversion from 'float' to 'int', possible loss of data
C:\Users\qinqi\OneDrive - Concordia University - Canada\Concordia\Courses\6631 Mechatronics and Automation\MECH_472_6631_Project\Final_project\Task_2_A_hide\program.cpp(450,23): warning C4244: '=': conversion from 'double' to 'float', possible loss of data
C:\Users\qinqi\OneDrive - Concordia University - Canada\Concordia\Courses\6631 Mechatronics and Automation\MECH_472_6631_Project\Final_project\Task_2_A_hide\program.cpp(489,8): warning C4101: 'Sample_Theta_Global': unreferenced local variable
C:\Users\qinqi\OneDrive - Concordia University - Canada\Concordia\Courses\6631 Mechatronics and Automation\MECH_472_6631_Project\Final_project\Task_2_A_hide\program.cpp(743,35): warning C4244: 'argument': conversion from 'double' to 'int', possible loss of data
C:\Users\qinqi\OneDrive - Concordia University - Canada\Concordia\Courses\6631 Mechatronics and Automation\MECH_472_6631_Project\Final_project\Task_2_A_hide\program.cpp(743,23): warning C4244: 'argument': conversion from 'double' to 'int', possible loss of data
C:\Users\qinqi\OneDrive - Concordia University - Canada\Concordia\Courses\6631 Mechatronics and Automation\MECH_472_6631_Project\Final_project\Task_2_A_hide\program.cpp(750,29): warning C4838: conversion from 'double' to 'int' requires a narrowing conversion
C:\Users\qinqi\OneDrive - Concordia University - Canada\Concordia\Courses\6631 Mechatronics and Automation\MECH_472_6631_Project\Final_project\Task_2_A_hide\program.cpp(750,29): warning C4244: 'initializing': conversion from 'double' to 'int', possible loss of data
C:\Users\qinqi\OneDrive - Concordia University - Canada\Concordia\Courses\6631 Mechatronics and Automation\MECH_472_6631_Project\Final_project\Task_2_A_hide\program.cpp(750,46): warning C4838: conversion from 'double' to 'int' requires a narrowing conversion
C:\Users\qinqi\OneDrive - Concordia University - Canada\Concordia\Courses\6631 Mechatronics and Automation\MECH_472_6631_Project\Final_project\Task_2_A_hide\program.cpp(750,46): warning C4244: 'initializing': conversion from 'double' to 'int', possible loss of data
C:\Users\qinqi\OneDrive - Concordia University - Canada\Concordia\Courses\6631 Mechatronics and Automation\MECH_472_6631_Project\Final_project\Task_2_A_hide\program.cpp(751,27): warning C4838: conversion from 'double' to 'int' requires a narrowing conversion
C:\Users\qinqi\OneDrive - Concordia University - Canada\Concordia\Courses\6631 Mechatronics and Automation\MECH_472_6631_Project\Final_project\Task_2_A_hide\program.cpp(751,27): warning C4244: 'initializing': conversion from 'double' to 'int', possible loss of data
C:\Users\qinqi\OneDrive - Concordia University - Canada\Concordia\Courses\6631 Mechatronics and Automation\MECH_472_6631_Project\Final_project\Task_2_A_hide\program.cpp(751,39): warning C4838: conversion from 'double' to 'int' requires a narrowing conversion
C:\Users\qinqi\OneDrive - Concordia University - Canada\Concordia\Courses\6631 Mechatronics and Automation\MECH_472_6631_Project\Final_project\Task_2_A_hide\program.cpp(751,39): warning C4244: 'initializing': conversion from 'double' to 'int', possible loss of data
C:\Users\qinqi\OneDrive - Concordia University - Canada\Concordia\Courses\6631 Mechatronics and Automation\MECH_472_6631_Project\Final_project\Task_2_A_hide\program.cpp(752,79): warning C4305: 'argument': truncation from 'double' to 'float'
C:\Users\qinqi\OneDrive - Concordia University - Canada\Concordia\Courses\6631 Mechatronics and Automation\MECH_472_6631_Project\Final_project\Task_2_A_hide\program.cpp(540,22): warning C4101: 'pw_laser_o': unreferenced local variable
C:\Users\qinqi\OneDrive - Concordia University - Canada\Concordia\Courses\6631 Mechatronics and Automation\MECH_472_6631_Project\Final_project\Task_2_A_hide\program.cpp(540,34): warning C4101: 'laser_o': unreferenced local variable
C:\Users\qinqi\OneDrive - Concordia University - Canada\Concordia\Courses\6631 Mechatronics and Automation\MECH_472_6631_Project\Final_project\Task_2_A_hide\program.cpp(540,6): warning C4101: 'pw_l_o': unreferenced local variable
C:\Users\qinqi\OneDrive - Concordia University - Canada\Concordia\Courses\6631 Mechatronics and Automation\MECH_472_6631_Project\Final_project\Task_2_A_hide\program.cpp(540,14): warning C4101: 'pw_r_o': unreferenced local variable
C:\Users\qinqi\OneDrive - Concordia University - Canada\Concordia\Courses\6631 Mechatronics and Automation\MECH_472_6631_Project\Final_project\Task_2_A_hide\program.cpp(818,13): warning C4101: 'B': unreferenced local variable
C:\Users\qinqi\OneDrive - Concordia University - Canada\Concordia\Courses\6631 Mechatronics and Automation\MECH_472_6631_Project\Final_project\Task_2_A_hide\program.cpp(818,7): warning C4101: 'R': unreferenced local variable
C:\Users\qinqi\OneDrive - Concordia University - Canada\Concordia\Courses\6631 Mechatronics and Automation\MECH_472_6631_Project\Final_project\Task_2_A_hide\program.cpp(817,10): warning C4101: 'prgb': unreferenced local variable
C:\Users\qinqi\OneDrive - Concordia University - Canada\Concordia\Courses\6631 Mechatronics and Automation\MECH_472_6631_Project\Final_project\Task_2_A_hide\program.cpp(818,16): warning C4101: 'ig': unreferenced local variable
C:\Users\qinqi\OneDrive - Concordia University - Canada\Concordia\Courses\6631 Mechatronics and Automation\MECH_472_6631_Project\Final_project\Task_2_A_hide\program.cpp(818,20): warning C4101: 'jg': unreferenced local variable
C:\Users\qinqi\OneDrive - Concordia University - Canada\Concordia\Courses\6631 Mechatronics and Automation\MECH_472_6631_Project\Final_project\Task_2_A_hide\program.cpp(818,10): warning C4101: 'G': unreferenced local variable
C:\Users\qinqi\OneDrive - Concordia University - Canada\Concordia\Courses\6631 Mechatronics and Automation\MECH_472_6631_Project\Final_project\Task_2_A_hide\program.cpp(774,33): warning C4101: 'y_ref': unreferenced local variable
C:\Users\qinqi\OneDrive - Concordia University - Canada\Concordia\Courses\6631 Mechatronics and Automation\MECH_472_6631_Project\Final_project\Task_2_A_hide\program.cpp(774,26): warning C4101: 'x_ref': unreferenced local variable
C:\Users\qinqi\OneDrive - Concordia University - Canada\Concordia\Courses\6631 Mechatronics and Automation\MECH_472_6631_Project\Final_project\Task_2_A_hide\program.cpp(708): warning C4700: uninitialized local variable 'self_position_theta' used
C:\Users\qinqi\OneDrive - Concordia University - Canada\Concordia\Courses\6631 Mechatronics and Automation\MECH_472_6631_Project\Final_project\Task_2_A_hide\program.cpp(824): warning C4700: uninitialized local variable 'phi' used
C:\Users\qinqi\OneDrive - Concordia University - Canada\Concordia\Courses\6631 Mechatronics and Automation\MECH_472_6631_Project\Final_project\Task_2_A_hide\program.cpp(825): warning C4700: uninitialized local variable 'r' used
image_transfer.lib(image_transfer.obj) : warning LNK4099: PDB 'program.pdb' was not found with 'image_transfer.lib(image_transfer.obj)' or at 'C:\Users\qinqi\OneDrive - Concordia University - Canada\Concordia\Courses\6631 Mechatronics and Automation\MECH_472_6631_Project\Final_project\Task_2_A_hide\Debug\program.pdb'; linking object as if no debug info
image_transfer.lib(Video_IO.obj) : warning LNK4099: PDB 'program.pdb' was not found with 'image_transfer.lib(Video_IO.obj)' or at 'C:\Users\qinqi\OneDrive - Concordia University - Canada\Concordia\Courses\6631 Mechatronics and Automation\MECH_472_6631_Project\Final_project\Task_2_A_hide\Debug\program.pdb'; linking object as if no debug info
  program.vcxproj -> C:\Users\qinqi\OneDrive - Concordia University - Canada\Concordia\Courses\6631 Mechatronics and Automation\MECH_472_6631_Project\Final_project\Task_2_A_hide\Debug\program.exe
=======
﻿  program.vcxproj -> C:\Users\Cooper\OneDrive - Concordia University - Canada\Course\6631\6631_project\Control_Implemented\Ctlr_implemented_V1_Doesnotwork\player1_Im\Debug\program.exe
>>>>>>> a6a96371e006e1a2fdd71f3f9b90397a99d35ecc
