  program.cpp
C:\Users\Cooper\OneDrive - Concordia University - Canada\Course\6631\6631_project\PathPlanning\player2_keyboard\program.cpp(200,16): warning C4244: “=”: 从“double”转换到“int”，可能丢失数据
C:\Users\Cooper\OneDrive - Concordia University - Canada\Course\6631\6631_project\PathPlanning\player2_keyboard\program.cpp(201,16): warning C4244: “=”: 从“double”转换到“int”，可能丢失数据
C:\Users\Cooper\OneDrive - Concordia University - Canada\Course\6631\6631_project\PathPlanning\player2_keyboard\program.cpp(205,16): warning C4244: “=”: 从“double”转换到“int”，可能丢失数据
C:\Users\Cooper\OneDrive - Concordia University - Canada\Course\6631\6631_project\PathPlanning\player2_keyboard\program.cpp(206,16): warning C4244: “=”: 从“double”转换到“int”，可能丢失数据
C:\Users\Cooper\OneDrive - Concordia University - Canada\Course\6631\6631_project\PathPlanning\player2_keyboard\program.cpp(210,16): warning C4244: “=”: 从“double”转换到“int”，可能丢失数据
C:\Users\Cooper\OneDrive - Concordia University - Canada\Course\6631\6631_project\PathPlanning\player2_keyboard\program.cpp(211,16): warning C4244: “=”: 从“double”转换到“int”，可能丢失数据
C:\Users\Cooper\OneDrive - Concordia University - Canada\Course\6631\6631_project\PathPlanning\player2_keyboard\program.cpp(215,16): warning C4244: “=”: 从“double”转换到“int”，可能丢失数据
C:\Users\Cooper\OneDrive - Concordia University - Canada\Course\6631\6631_project\PathPlanning\player2_keyboard\program.cpp(216,16): warning C4244: “=”: 从“double”转换到“int”，可能丢失数据
C:\Users\Cooper\OneDrive - Concordia University - Canada\Course\6631\6631_project\PathPlanning\player2_keyboard\program.cpp(34,22): warning C4101: “pw_laser_o”: 未引用的局部变量
C:\Users\Cooper\OneDrive - Concordia University - Canada\Course\6631\6631_project\PathPlanning\player2_keyboard\program.cpp(34,34): warning C4101: “laser_o”: 未引用的局部变量
C:\Users\Cooper\OneDrive - Concordia University - Canada\Course\6631\6631_project\PathPlanning\player2_keyboard\program.cpp(34,6): warning C4101: “pw_l_o”: 未引用的局部变量
C:\Users\Cooper\OneDrive - Concordia University - Canada\Course\6631\6631_project\PathPlanning\player2_keyboard\program.cpp(34,14): warning C4101: “pw_r_o”: 未引用的局部变量
  robot.cpp
  shared_memory.cpp
  timer.cpp
  vision.cpp
  vision_simulation.cpp
C:\Users\Cooper\OneDrive - Concordia University - Canada\Course\6631\6631_project\PathPlanning\player2_keyboard\vision_simulation.cpp(270,18): warning C4101: “t_laser_o”: 未引用的局部变量
C:\Users\Cooper\OneDrive - Concordia University - Canada\Course\6631\6631_project\PathPlanning\player2_keyboard\vision_simulation.cpp(270,9): warning C4101: “t_laser”: 未引用的局部变量
C:\Users\Cooper\OneDrive - Concordia University - Canada\Course\6631\6631_project\PathPlanning\player2_keyboard\vision_simulation.cpp(698,11): warning C4244: “=”: 从“double”转换到“int”，可能丢失数据
C:\Users\Cooper\OneDrive - Concordia University - Canada\Course\6631\6631_project\PathPlanning\player2_keyboard\vision_simulation.cpp(699,11): warning C4244: “=”: 从“double”转换到“int”，可能丢失数据
C:\Users\Cooper\OneDrive - Concordia University - Canada\Course\6631\6631_project\PathPlanning\player2_keyboard\vision_simulation.cpp(700,11): warning C4244: “=”: 从“double”转换到“int”，可能丢失数据
C:\Users\Cooper\OneDrive - Concordia University - Canada\Course\6631\6631_project\PathPlanning\player2_keyboard\vision_simulation.cpp(514,12): warning C4101: “k”: 未引用的局部变量
  正在生成代码...
image_transfer.lib(image_transfer.obj) : warning LNK4099: 未找到 PDB“program.pdb”(使用“image_transfer.lib(image_transfer.obj)”或在“C:\Users\Cooper\OneDrive - Concordia University - Canada\Course\6631\6631_project\PathPlanning\player2_keyboard\Debug\program.pdb”中寻找)；正在链接对象，如同没有调试信息一样
image_transfer.lib(Video_IO.obj) : warning LNK4099: 未找到 PDB“program.pdb”(使用“image_transfer.lib(Video_IO.obj)”或在“C:\Users\Cooper\OneDrive - Concordia University - Canada\Course\6631\6631_project\PathPlanning\player2_keyboard\Debug\program.pdb”中寻找)；正在链接对象，如同没有调试信息一样
  program.vcxproj -> C:\Users\Cooper\OneDrive - Concordia University - Canada\Course\6631\6631_project\PathPlanning\player2_keyboard\Debug\program.exe
